**                                                              **
** SciMark2 Numeric Benchmark, see http://math.nist.gov/scimark **
** for details. (Results can be submitted to pozo@nist.gov)     **
**                                                              **
Using       2.00 seconds min time per kenel.
Composite Score:          431.48
FFT             Mflops:   253.35    (N=1024)
SOR             Mflops:   732.37    (100 x 100)
MonteCarlo:     Mflops:    76.79
Sparse matmult  Mflops:   487.67    (N=1000, nz=5000)
LU              Mflops:   607.21    (M=100, N=100)




  Model Name:	MacBook Pro
  Model Identifier:	MacBookPro8,1
  Processor Name:	Intel Core i7
  Processor Speed:	2.7 GHz
  Number of Processors:	1
  Total Number of Cores:	2
  L2 Cache (per Core):	256 KB
  L3 Cache:	4 MB
  Memory:	8 GB
  Boot ROM Version:	MBP81.0047.B27
  SMC Version (system):	1.68f99
  Serial Number (system):	C17F8DL3DH2H
  Hardware UUID:	0A16782E-AE03-541D-80BB-B8591998DFA6
  Sudden Motion Sensor:
  State:	Enabled

Darwin unknowne0f84707bdb0 11.4.2 Darwin Kernel Version 11.4.2: Thu Aug 23 16:25:48 PDT 2012; root:xnu-1699.32.7~1/RELEASE_X86_64 x86_64
Apache Maven 3.0.3 (r1075438; 2011-02-28 09:31:09-0800)
Maven home: /usr/share/maven
Java version: 1.8.0_131, vendor: Oracle Corporation
Java home: /Library/Java/JavaVirtualMachines/jdk1.8.0_131.jdk/Contents/Home/jre
Default locale: en_US, platform encoding: UTF-8
OS name: "mac os x", version: "10.7.5", arch: "x86_64", family: "mac"
